<?xml version="1.0" encoding="UTF-8"?>
<!-- Generated by org.testng.reporters.JUnitXMLReporter -->
<testsuite ignored="6" hostname="LTIN509515" failures="0" tests="6" name="Default test" time="0.127" errors="0" timestamp="2024-04-02T10:54:19 IST">
  <testcase classname="com.cas.base.BaseTestCase" name="@BeforeSuite initiateDriver" time="-1.71203545927E9">
    <failure type="org.testng.TestNGException" message="
Parameter &amp;apos;BaseURL&amp;apos; is required by BeforeSuite on method initiateDriver but has not been marked @Optional or defined
in C:\Users\2327289\AppData\Local\Temp\testng-eclipse-1269676582\testng-customsuite.xml">
      <![CDATA[org.testng.TestNGException: 
Parameter 'BaseURL' is required by BeforeSuite on method initiateDriver but has not been marked @Optional or defined
in C:\Users\2327289\AppData\Local\Temp\testng-eclipse-1269676582\testng-customsuite.xml
at org.testng.internal.Parameters.createParams(Parameters.java:267)
at org.testng.internal.Parameters.createParametersForMethod(Parameters.java:355)
at org.testng.internal.Parameters.createParameters(Parameters.java:693)
at org.testng.internal.Parameters.createConfigurationParameters(Parameters.java:166)
at org.testng.internal.invokers.ConfigInvoker.invokeConfigurations(ConfigInvoker.java:306)
at org.testng.SuiteRunner.privateRun(SuiteRunner.java:382)
at org.testng.SuiteRunner.run(SuiteRunner.java:336)
at org.testng.SuiteRunnerWorker.runSuite(SuiteRunnerWorker.java:52)
at org.testng.SuiteRunnerWorker.run(SuiteRunnerWorker.java:95)
at org.testng.TestNG.runSuitesSequentially(TestNG.java:1301)
at org.testng.TestNG.runSuitesLocally(TestNG.java:1228)
at org.testng.TestNG.runSuites(TestNG.java:1134)
at org.testng.TestNG.run(TestNG.java:1101)
at org.testng.remote.AbstractRemoteTestNG.run(AbstractRemoteTestNG.java:115)
at org.testng.remote.RemoteTestNG.initAndRun(RemoteTestNG.java:251)
at org.testng.remote.RemoteTestNG.main(RemoteTestNG.java:77)
]]>
    </failure>
  </testcase> <!-- @BeforeSuite initiateDriver -->
  <testcase classname="com.cas.news.test.MainPageTests" name="@BeforeClass initiatePageClass" time="0.0">
    <skipped/>
  </testcase> <!-- @BeforeClass initiatePageClass -->
  <testcase classname="com.cas.base.BaseTestCase" name="@AfterMethod getResult" time="0.0">
    <skipped/>
  </testcase> <!-- @AfterMethod getResult -->
  <testcase classname="com.cas.base.BaseTestCase" name="@AfterMethod getResult" time="0.0">
    <skipped/>
  </testcase> <!-- @AfterMethod getResult -->
  <testcase classname="com.cas.base.BaseTestCase" name="@AfterMethod getResult" time="0.0">
    <skipped/>
  </testcase> <!-- @AfterMethod getResult -->
  <testcase classname="com.cas.news.test.UserInformationTest" name="@BeforeClass initiatePageFactory" time="0.0">
    <skipped/>
  </testcase> <!-- @BeforeClass initiatePageFactory -->
  <testcase classname="com.cas.base.BaseTestCase" name="@AfterMethod getResult" time="0.0">
    <skipped/>
  </testcase> <!-- @AfterMethod getResult -->
  <testcase classname="com.cas.news.test.AllNewsPageTests" name="@BeforeClass initiatePageClass" time="0.0">
    <skipped/>
  </testcase> <!-- @BeforeClass initiatePageClass -->
  <testcase classname="com.cas.base.BaseTestCase" name="@AfterMethod getResult" time="0.0">
    <skipped/>
  </testcase> <!-- @AfterMethod getResult -->
  <testcase classname="com.cas.base.BaseTestCase" name="@AfterMethod getResult" time="0.0">
    <skipped/>
  </testcase> <!-- @AfterMethod getResult -->
  <testcase classname="com.cas.news.test.MainPageTests" name="ValidateHeader" time="0.0">
    <skipped/>
  </testcase> <!-- ValidateHeader -->
  <testcase classname="com.cas.news.test.MainPageTests" name="ValidateMainPageToolTips" time="0.0">
    <skipped/>
  </testcase> <!-- ValidateMainPageToolTips -->
  <testcase classname="com.cas.news.test.MainPageTests" name="SellAll" time="0.0">
    <skipped/>
  </testcase> <!-- SellAll -->
  <testcase classname="com.cas.news.test.UserInformationTest" name="PrintUserDetails" time="0.0">
    <skipped/>
  </testcase> <!-- PrintUserDetails -->
  <testcase classname="com.cas.news.test.AllNewsPageTests" name="ValidateSeeAllToolTips" time="0.001">
    <skipped/>
  </testcase> <!-- ValidateSeeAllToolTips -->
  <testcase classname="com.cas.news.test.AllNewsPageTests" name="GetNewsDetails" time="0.0">
    <skipped/>
  </testcase> <!-- GetNewsDetails -->
  <testcase classname="com.cas.base.BaseTestCase" name="@AfterSuite tearDown" time="0.0">
    <ignored/>
  </testcase> <!-- @AfterSuite tearDown -->
  <testcase classname="com.cas.base.BaseTestCase" name="@BeforeSuite initiateDriver" time="0.0">
    <ignored/>
  </testcase> <!-- @BeforeSuite initiateDriver -->
  <testcase classname="com.cas.base.BaseTestCase" name="@AfterSuite tearDown" time="0.0">
    <ignored/>
  </testcase> <!-- @AfterSuite tearDown -->
  <testcase classname="com.cas.base.BaseTestCase" name="@BeforeSuite initiateDriver" time="0.0">
    <ignored/>
  </testcase> <!-- @BeforeSuite initiateDriver -->
  <testcase classname="com.cas.base.BaseTestCase" name="@BeforeSuite initiateDriver" time="0.0">
    <ignored/>
  </testcase> <!-- @BeforeSuite initiateDriver -->
  <testcase classname="com.cas.base.BaseTestCase" name="@AfterSuite tearDown" time="0.0">
    <ignored/>
  </testcase> <!-- @AfterSuite tearDown -->
</testsuite> <!-- Default test -->
