<?xml version="1.0" encoding="UTF-8"?>
<!-- Generated by org.testng.reporters.JUnitXMLReporter -->
<testsuite ignored="4" hostname="LTIN509515" failures="2" tests="6" name="CAS_News_Edge" time="123.243" errors="0" timestamp="2024-04-02T16:49:13 IST">
  <testcase classname="com.cas.news.test.UserInformationTest" name="PrintUserDetails" time="16.006"/>
  <testcase classname="com.cas.news.test.MainPageTests" name="ValidateHeader" time="0.022">
    <failure type="org.openqa.selenium.NoSuchSessionException" message="Session ID is null. Using WebDriver after calling quit()?
Build info: version: &amp;apos;4.18.1&amp;apos;, revision: &amp;apos;b1d3319b48&amp;apos;
System info: os.name: &amp;apos;Windows 11&amp;apos;, os.arch: &amp;apos;amd64&amp;apos;, os.version: &amp;apos;10.0&amp;apos;, java.version: &amp;apos;17.0.10&amp;apos;
Driver info: org.openqa.selenium.chrome.ChromeDriver
Command: [null, executeScript {script=arguments[0].scrollBy(0, 500), args=[{element-6066-11e4-a52e-4f735466cecf=f.AD1D00F89CF9EADA2B96653BB1EBE562.d.944375D4ECE457B953D7A79B0B01AEC4.e.13}]}]
Capabilities {acceptInsecureCerts: false, browserName: chrome, browserVersion: 120.0.6099.130, chrome: {chromedriverVersion: 120.0.6099.109 (3419140ab66..., userDataDir: C:\Windows\SystemTemp\scope...}, fedcm:accounts: true, goog:chromeOptions: {debuggerAddress: localhost:56097}, networkConnectionEnabled: false, pageLoadStrategy: normal, platformName: windows, proxy: Proxy(), se:cdp: ws://localhost:56097/devtoo..., se:cdpVersion: 120.0.6099.130, setWindowRect: true, strictFileInteractability: false, timeouts: {implicit: 0, pageLoad: 300000, script: 30000}, unhandledPromptBehavior: dismiss and notify, webauthn:extension:credBlob: true, webauthn:extension:largeBlob: true, webauthn:extension:minPinLength: true, webauthn:extension:prf: true, webauthn:virtualAuthenticators: true}">
      <![CDATA[org.openqa.selenium.NoSuchSessionException: Session ID is null. Using WebDriver after calling quit()?
Build info: version: '4.18.1', revision: 'b1d3319b48'
System info: os.name: 'Windows 11', os.arch: 'amd64', os.version: '10.0', java.version: '17.0.10'
Driver info: org.openqa.selenium.chrome.ChromeDriver
Command: [null, executeScript {script=arguments[0].scrollBy(0, 500), args=[{element-6066-11e4-a52e-4f735466cecf=f.AD1D00F89CF9EADA2B96653BB1EBE562.d.944375D4ECE457B953D7A79B0B01AEC4.e.13}]}]
Capabilities {acceptInsecureCerts: false, browserName: chrome, browserVersion: 120.0.6099.130, chrome: {chromedriverVersion: 120.0.6099.109 (3419140ab66..., userDataDir: C:\Windows\SystemTemp\scope...}, fedcm:accounts: true, goog:chromeOptions: {debuggerAddress: localhost:56097}, networkConnectionEnabled: false, pageLoadStrategy: normal, platformName: windows, proxy: Proxy(), se:cdp: ws://localhost:56097/devtoo..., se:cdpVersion: 120.0.6099.130, setWindowRect: true, strictFileInteractability: false, timeouts: {implicit: 0, pageLoad: 300000, script: 30000}, unhandledPromptBehavior: dismiss and notify, webauthn:extension:credBlob: true, webauthn:extension:largeBlob: true, webauthn:extension:minPinLength: true, webauthn:extension:prf: true, webauthn:virtualAuthenticators: true}
at org.openqa.selenium.remote.HttpCommandExecutor.execute(HttpCommandExecutor.java:151)
at org.openqa.selenium.remote.service.DriverCommandExecutor.invokeExecute(DriverCommandExecutor.java:216)
at org.openqa.selenium.remote.service.DriverCommandExecutor.execute(DriverCommandExecutor.java:174)
at org.openqa.selenium.remote.RemoteWebDriver.execute(RemoteWebDriver.java:519)
at org.openqa.selenium.remote.RemoteWebDriver.executeScript(RemoteWebDriver.java:464)
at com.cas.news.utility.JavaScript.scroll(JavaScript.java:13)
at com.cas.news.test.pages.GetMainPageNews.validateNewsSection(GetMainPageNews.java:37)
at com.cas.news.test.MainPageTests.ValidateHeader(MainPageTests.java:19)
at java.base/java.util.ArrayList.forEach(ArrayList.java:1511)
... Removed 27 stack frames]]>
    </failure>
  </testcase> <!-- ValidateHeader -->
  <testcase classname="com.cas.news.test.MainPageTests" name="ValidateMainPageToolTips" time="25.604">
    <failure type="java.lang.ArrayIndexOutOfBoundsException" message="Index 0 out of bounds for length 0">
      <![CDATA[java.lang.ArrayIndexOutOfBoundsException: Index 0 out of bounds for length 0
at com.cas.news.test.pages.GetMainPageNews.checkToolTipsHelper(GetMainPageNews.java:56)
at com.cas.news.test.pages.GetMainPageNews.checkToolTips(GetMainPageNews.java:70)
at com.cas.news.test.MainPageTests.ValidateMainPageToolTips(MainPageTests.java:29)
at java.base/java.util.ArrayList.forEach(ArrayList.java:1511)
... Removed 27 stack frames]]>
    </failure>
  </testcase> <!-- ValidateMainPageToolTips -->
  <testcase classname="com.cas.news.test.MainPageTests" name="SellAll" time="0.157"/>
  <testcase classname="com.cas.news.test.AllNewsPageTests" name="ValidateSeeAllToolTips" time="0.49"/>
  <testcase classname="com.cas.news.test.AllNewsPageTests" name="GetNewsDetails" time="34.102"/>
  <testcase classname="com.cas.base.BaseTestCase" name="@BeforeTest initiateDriver" time="0.0">
    <ignored/>
  </testcase> <!-- @BeforeTest initiateDriver -->
  <testcase classname="com.cas.base.BaseTestCase" name="@AfterTest tearDown" time="0.0">
    <ignored/>
  </testcase> <!-- @AfterTest tearDown -->
  <testcase classname="com.cas.base.BaseTestCase" name="@AfterTest tearDown" time="0.0">
    <ignored/>
  </testcase> <!-- @AfterTest tearDown -->
  <testcase classname="com.cas.base.BaseTestCase" name="@BeforeTest initiateDriver" time="0.0">
    <ignored/>
  </testcase> <!-- @BeforeTest initiateDriver -->
</testsuite> <!-- CAS_News_Edge -->
